  [1m[35m (152.2ms)[0m  [1m[35mCREATE DATABASE "scaffold_app_development" ENCODING = 'unicode'[0m
  [1m[35m (72.6ms)[0m  [1m[35mCREATE DATABASE "scaffold_app_test" ENCODING = 'unicode'[0m
Started GET "/" for 127.0.0.1 at 2021-01-29 23:53:42 +0900
Processing by Rails::WelcomeController#index as HTML
  Rendering /Users/wataru.yajima/.anyenv/envs/rbenv/versions/2.7.2/lib/ruby/gems/2.7.0/gems/railties-6.1.1/lib/rails/templates/rails/welcome/index.html.erb
  Rendered /Users/wataru.yajima/.anyenv/envs/rbenv/versions/2.7.2/lib/ruby/gems/2.7.0/gems/railties-6.1.1/lib/rails/templates/rails/welcome/index.html.erb (Duration: 18.8ms | Allocations: 447)
Completed 200 OK in 37ms (Views: 24.6ms | ActiveRecord: 0.0ms | Allocations: 3602)


  [1m[35m (37.8ms)[0m  [1m[35mCREATE TABLE "schema_migrations" ("version" character varying NOT NULL PRIMARY KEY)[0m
  [1m[35m (4.5ms)[0m  [1m[35mCREATE TABLE "ar_internal_metadata" ("key" character varying NOT NULL PRIMARY KEY, "value" character varying, "created_at" timestamp(6) NOT NULL, "updated_at" timestamp(6) NOT NULL)[0m
  [1m[35m (0.2ms)[0m  [1m[34mSELECT pg_try_advisory_lock(5413380564599449890)[0m
  [1m[35m (0.6ms)[0m  [1m[34mSELECT "schema_migrations"."version" FROM "schema_migrations" ORDER BY "schema_migrations"."version" ASC[0m
Migrating to CreateUsers (20210129145505)
  [1m[36mTRANSACTION (0.1ms)[0m  [1m[35mBEGIN[0m
  [1m[35m (7.3ms)[0m  [1m[35mCREATE TABLE "users" ("id" bigserial primary key, "name" character varying, "address" character varying, "age" integer, "created_at" timestamp(6) NOT NULL, "updated_at" timestamp(6) NOT NULL)[0m
  [1m[36mActiveRecord::SchemaMigration Create (0.5ms)[0m  [1m[32mINSERT INTO "schema_migrations" ("version") VALUES ($1) RETURNING "version"[0m  [["version", "20210129145505"]]
  [1m[36mTRANSACTION (0.3ms)[0m  [1m[35mCOMMIT[0m
  [1m[36mActiveRecord::InternalMetadata Load (0.6ms)[0m  [1m[34mSELECT "ar_internal_metadata".* FROM "ar_internal_metadata" WHERE "ar_internal_metadata"."key" = $1 LIMIT $2[0m  [["key", "environment"], ["LIMIT", 1]]
  [1m[36mTRANSACTION (14.9ms)[0m  [1m[35mBEGIN[0m
  [1m[36mActiveRecord::InternalMetadata Create (1.5ms)[0m  [1m[32mINSERT INTO "ar_internal_metadata" ("key", "value", "created_at", "updated_at") VALUES ($1, $2, $3, $4) RETURNING "key"[0m  [["key", "environment"], ["value", "development"], ["created_at", "2021-01-29 14:55:32.837816"], ["updated_at", "2021-01-29 14:55:32.837816"]]
  [1m[36mTRANSACTION (0.4ms)[0m  [1m[35mCOMMIT[0m
  [1m[35m (0.4ms)[0m  [1m[34mSELECT pg_advisory_unlock(5413380564599449890)[0m
  [1m[35m (1.3ms)[0m  [1m[34mSELECT "schema_migrations"."version" FROM "schema_migrations" ORDER BY "schema_migrations"."version" ASC[0m
Started GET "/" for 127.0.0.1 at 2021-01-29 23:55:41 +0900
  [1m[35m (0.8ms)[0m  [1m[34mSELECT "schema_migrations"."version" FROM "schema_migrations" ORDER BY "schema_migrations"."version" ASC[0m
Processing by Rails::WelcomeController#index as HTML
  Rendering /Users/wataru.yajima/.anyenv/envs/rbenv/versions/2.7.2/lib/ruby/gems/2.7.0/gems/railties-6.1.1/lib/rails/templates/rails/welcome/index.html.erb
  Rendered /Users/wataru.yajima/.anyenv/envs/rbenv/versions/2.7.2/lib/ruby/gems/2.7.0/gems/railties-6.1.1/lib/rails/templates/rails/welcome/index.html.erb (Duration: 6.3ms | Allocations: 339)
Completed 200 OK in 17ms (Views: 9.1ms | ActiveRecord: 0.0ms | Allocations: 2463)


Started GET "/" for 127.0.0.1 at 2021-01-29 23:56:06 +0900
Processing by Rails::WelcomeController#index as HTML
  Rendering /Users/wataru.yajima/.anyenv/envs/rbenv/versions/2.7.2/lib/ruby/gems/2.7.0/gems/railties-6.1.1/lib/rails/templates/rails/welcome/index.html.erb
  Rendered /Users/wataru.yajima/.anyenv/envs/rbenv/versions/2.7.2/lib/ruby/gems/2.7.0/gems/railties-6.1.1/lib/rails/templates/rails/welcome/index.html.erb (Duration: 22.4ms | Allocations: 712)
Completed 200 OK in 24ms (Views: 23.2ms | ActiveRecord: 0.0ms | Allocations: 1522)


Started GET "/user" for 127.0.0.1 at 2021-01-29 23:56:12 +0900
  
ActionController::RoutingError (No route matches [GET] "/user"):
  
Started GET "/User" for 127.0.0.1 at 2021-01-29 23:56:19 +0900
  
ActionController::RoutingError (No route matches [GET] "/User"):
  
Started GET "/user" for 127.0.0.1 at 2021-01-29 23:56:25 +0900
  
ActionController::RoutingError (No route matches [GET] "/user"):
  
Started GET "/users" for 127.0.0.1 at 2021-01-29 23:56:32 +0900
Processing by UsersController#index as HTML
  Rendering layout layouts/application.html.erb
  Rendering users/index.html.erb within layouts/application
  [1m[36mUser Load (1.5ms)[0m  [1m[34mSELECT "users".* FROM "users"[0m
  ↳ app/views/users/index.html.erb:16
  Rendered users/index.html.erb within layouts/application (Duration: 4.3ms | Allocations: 1330)
[Webpacker] Compiling...
[Webpacker] Compiled all packs in /Users/wataru.yajima/scaffold_app/public/packs
[Webpacker] Hash: 415a948d492e21802f43
Version: webpack 4.46.0
Time: 1484ms
Built at: 01/29/2021 11:56:37 PM
                                     Asset       Size       Chunks                         Chunk Names
    js/application-d5a3c3b4dce84b5eb605.js    125 KiB  application  [emitted] [immutable]  application
js/application-d5a3c3b4dce84b5eb605.js.map    139 KiB  application  [emitted] [dev]        application
                             manifest.json  364 bytes               [emitted]              
Entrypoint application = js/application-d5a3c3b4dce84b5eb605.js js/application-d5a3c3b4dce84b5eb605.js.map
[./app/javascript/channels sync recursive _channel\.js$] ./app/javascript/channels sync _channel\.js$ 160 bytes {application} [built]
[./app/javascript/channels/index.js] 211 bytes {application} [built]
[./app/javascript/packs/application.js] 492 bytes {application} [built]
[./node_modules/webpack/buildin/module.js] (webpack)/buildin/module.js 552 bytes {application} [built]
    + 3 hidden modules

  Rendered layout layouts/application.html.erb (Duration: 4539.0ms | Allocations: 21341)
Completed 200 OK in 4544ms (Views: 4539.4ms | ActiveRecord: 1.5ms | Allocations: 22865)


Started GET "/users/new" for 127.0.0.1 at 2021-01-29 23:56:44 +0900
Processing by UsersController#new as HTML
  Rendering layout layouts/application.html.erb
  Rendering users/new.html.erb within layouts/application
  Rendered users/_form.html.erb (Duration: 24.6ms | Allocations: 6397)
  Rendered users/new.html.erb within layouts/application (Duration: 25.7ms | Allocations: 6751)
[Webpacker] Everything's up-to-date. Nothing to do
  Rendered layout layouts/application.html.erb (Duration: 36.8ms | Allocations: 10189)
Completed 200 OK in 52ms (Views: 37.3ms | ActiveRecord: 6.8ms | Allocations: 15018)


Started POST "/users" for 127.0.0.1 at 2021-01-30 00:01:22 +0900
Processing by UsersController#create as HTML
  Parameters: {"authenticity_token"=>"[FILTERED]", "user"=>{"name"=>"矢島　航海", "address"=>"日本", "age"=>"28"}, "commit"=>"Create User"}
  [1m[36mTRANSACTION (0.9ms)[0m  [1m[35mBEGIN[0m
  ↳ app/controllers/users_controller.rb:27:in `block in create'
  [1m[36mUser Create (1.2ms)[0m  [1m[32mINSERT INTO "users" ("name", "address", "age", "created_at", "updated_at") VALUES ($1, $2, $3, $4, $5) RETURNING "id"[0m  [["name", "矢島　航海"], ["address", "日本"], ["age", 28], ["created_at", "2021-01-29 15:01:22.221784"], ["updated_at", "2021-01-29 15:01:22.221784"]]
  ↳ app/controllers/users_controller.rb:27:in `block in create'
  [1m[36mTRANSACTION (0.8ms)[0m  [1m[35mCOMMIT[0m
  ↳ app/controllers/users_controller.rb:27:in `block in create'
Redirected to http://127.0.0.1:3000/users/1
Completed 302 Found in 8ms (ActiveRecord: 2.9ms | Allocations: 2878)


Started GET "/users/1" for 127.0.0.1 at 2021-01-30 00:01:22 +0900
Processing by UsersController#show as HTML
  Parameters: {"id"=>"1"}
  [1m[36mUser Load (0.8ms)[0m  [1m[34mSELECT "users".* FROM "users" WHERE "users"."id" = $1 LIMIT $2[0m  [["id", 1], ["LIMIT", 1]]
  ↳ app/controllers/users_controller.rb:62:in `set_user'
  Rendering layout layouts/application.html.erb
  Rendering users/show.html.erb within layouts/application
  Rendered users/show.html.erb within layouts/application (Duration: 0.9ms | Allocations: 293)
[Webpacker] Everything's up-to-date. Nothing to do
  Rendered layout layouts/application.html.erb (Duration: 9.7ms | Allocations: 3768)
Completed 200 OK in 21ms (Views: 10.1ms | ActiveRecord: 1.5ms | Allocations: 7226)


Started GET "/users/1/edit" for 127.0.0.1 at 2021-01-30 00:01:27 +0900
Processing by UsersController#edit as HTML
  Parameters: {"id"=>"1"}
  [1m[36mUser Load (0.8ms)[0m  [1m[34mSELECT "users".* FROM "users" WHERE "users"."id" = $1 LIMIT $2[0m  [["id", 1], ["LIMIT", 1]]
  ↳ app/controllers/users_controller.rb:62:in `set_user'
  Rendering layout layouts/application.html.erb
  Rendering users/edit.html.erb within layouts/application
  Rendered users/_form.html.erb (Duration: 3.2ms | Allocations: 910)
  Rendered users/edit.html.erb within layouts/application (Duration: 4.4ms | Allocations: 1166)
[Webpacker] Everything's up-to-date. Nothing to do
  Rendered layout layouts/application.html.erb (Duration: 13.6ms | Allocations: 5271)
Completed 200 OK in 17ms (Views: 14.2ms | ActiveRecord: 0.8ms | Allocations: 6482)


Started PATCH "/users/1" for 127.0.0.1 at 2021-01-30 00:01:30 +0900
Processing by UsersController#update as HTML
  Parameters: {"authenticity_token"=>"[FILTERED]", "user"=>{"name"=>"矢島　航海", "address"=>"日本", "age"=>"28"}, "commit"=>"Update User", "id"=>"1"}
  [1m[36mUser Load (0.7ms)[0m  [1m[34mSELECT "users".* FROM "users" WHERE "users"."id" = $1 LIMIT $2[0m  [["id", 1], ["LIMIT", 1]]
  ↳ app/controllers/users_controller.rb:62:in `set_user'
Redirected to http://127.0.0.1:3000/users/1
Completed 302 Found in 4ms (ActiveRecord: 0.7ms | Allocations: 1234)


Started GET "/users/1" for 127.0.0.1 at 2021-01-30 00:01:30 +0900
Processing by UsersController#show as HTML
  Parameters: {"id"=>"1"}
  [1m[36mUser Load (0.6ms)[0m  [1m[34mSELECT "users".* FROM "users" WHERE "users"."id" = $1 LIMIT $2[0m  [["id", 1], ["LIMIT", 1]]
  ↳ app/controllers/users_controller.rb:62:in `set_user'
  Rendering layout layouts/application.html.erb
  Rendering users/show.html.erb within layouts/application
  Rendered users/show.html.erb within layouts/application (Duration: 0.3ms | Allocations: 105)
[Webpacker] Everything's up-to-date. Nothing to do
  Rendered layout layouts/application.html.erb (Duration: 7.9ms | Allocations: 3634)
Completed 200 OK in 11ms (Views: 8.3ms | ActiveRecord: 0.6ms | Allocations: 4727)


Started GET "/users" for 127.0.0.1 at 2021-01-30 00:01:32 +0900
Processing by UsersController#index as HTML
  Rendering layout layouts/application.html.erb
  Rendering users/index.html.erb within layouts/application
  [1m[36mUser Load (1.0ms)[0m  [1m[34mSELECT "users".* FROM "users"[0m
  ↳ app/views/users/index.html.erb:16
  Rendered users/index.html.erb within layouts/application (Duration: 3.4ms | Allocations: 1002)
[Webpacker] Everything's up-to-date. Nothing to do
  Rendered layout layouts/application.html.erb (Duration: 11.8ms | Allocations: 5021)
Completed 200 OK in 13ms (Views: 11.5ms | ActiveRecord: 1.0ms | Allocations: 5420)


